{"name":"I want to create 2","status":"broken","statusDetails":{"known":false,"muted":false,"flaky":false,"message":"no such element: Unable to locate element: {\"method\":\"xpath\",\"selector\":\"//button[contains(text(),'Je crÃ©e mon compte')]\"}\n  (Session info: headless chrome=97.0.4692.71)\nFor documentation on this error, please visit: https://selenium.dev/exceptions/#no_such_element\nBuild info: version: '4.0.0', revision: '3a21814679'\nSystem info: host: 'DESKTOP-MGDJCGL', ip: '192.168.1.20', os.name: 'Windows 10', os.arch: 'amd64', os.version: '10.0', java.version: '1.8.0_311'\nDriver info: org.openqa.selenium.chrome.ChromeDriver\nCommand: [d22ffadefcb64351ab4e1306c77cca56, findElement {using=xpath, value=//button[contains(text(),'Je crÃ©e mon compte')]}]\nCapabilities {acceptInsecureCerts: true, browserName: chrome, browserVersion: 97.0.4692.71, chrome: {chromedriverVersion: 96.0.4664.45 (76e4c1bb2ab46..., userDataDir: C:\\Users\\JGuiral\\AppData\\Lo...}, goog:chromeOptions: {debuggerAddress: localhost:60886}, javascriptEnabled: true, networkConnectionEnabled: false, pageLoadStrategy: normal, platform: WINDOWS, platformName: WINDOWS, proxy: Proxy(), se:cdp: ws://localhost:60886/devtoo..., se:cdpVersion: 97.0.4692.71, setWindowRect: true, strictFileInteractability: false, timeouts: {implicit: 0, pageLoad: 300000, script: 30000}, unhandledPromptBehavior: dismiss and notify, webauthn:extension:credBlob: true, webauthn:extension:largeBlob: true, webauthn:virtualAuthenticators: true}\nSession ID: d22ffadefcb64351ab4e1306c77cca56","trace":"org.openqa.selenium.NoSuchElementException: no such element: Unable to locate element: {\"method\":\"xpath\",\"selector\":\"//button[contains(text(),'Je crÃ©e mon compte')]\"}\n  (Session info: headless chrome=97.0.4692.71)\nFor documentation on this error, please visit: https://selenium.dev/exceptions/#no_such_element\nBuild info: version: '4.0.0', revision: '3a21814679'\nSystem info: host: 'DESKTOP-MGDJCGL', ip: '192.168.1.20', os.name: 'Windows 10', os.arch: 'amd64', os.version: '10.0', java.version: '1.8.0_311'\nDriver info: org.openqa.selenium.chrome.ChromeDriver\nCommand: [d22ffadefcb64351ab4e1306c77cca56, findElement {using=xpath, value=//button[contains(text(),'Je crÃ©e mon compte')]}]\nCapabilities {acceptInsecureCerts: true, browserName: chrome, browserVersion: 97.0.4692.71, chrome: {chromedriverVersion: 96.0.4664.45 (76e4c1bb2ab46..., userDataDir: C:\\Users\\JGuiral\\AppData\\Lo...}, goog:chromeOptions: {debuggerAddress: localhost:60886}, javascriptEnabled: true, networkConnectionEnabled: false, pageLoadStrategy: normal, platform: WINDOWS, platformName: WINDOWS, proxy: Proxy(), se:cdp: ws://localhost:60886/devtoo..., se:cdpVersion: 97.0.4692.71, setWindowRect: true, strictFileInteractability: false, timeouts: {implicit: 0, pageLoad: 300000, script: 30000}, unhandledPromptBehavior: dismiss and notify, webauthn:extension:credBlob: true, webauthn:extension:largeBlob: true, webauthn:virtualAuthenticators: true}\nSession ID: d22ffadefcb64351ab4e1306c77cca56\r\n\tat sun.reflect.NativeConstructorAccessorImpl.newInstance0(Native Method)\r\n\tat sun.reflect.NativeConstructorAccessorImpl.newInstance(NativeConstructorAccessorImpl.java:62)\r\n\tat sun.reflect.DelegatingConstructorAccessorImpl.newInstance(DelegatingConstructorAccessorImpl.java:45)\r\n\tat java.lang.reflect.Constructor.newInstance(Constructor.java:423)\r\n\tat org.openqa.selenium.remote.codec.w3c.W3CHttpResponseCodec.createException(W3CHttpResponseCodec.java:200)\r\n\tat org.openqa.selenium.remote.codec.w3c.W3CHttpResponseCodec.decode(W3CHttpResponseCodec.java:133)\r\n\tat org.openqa.selenium.remote.codec.w3c.W3CHttpResponseCodec.decode(W3CHttpResponseCodec.java:53)\r\n\tat org.openqa.selenium.remote.HttpCommandExecutor.execute(HttpCommandExecutor.java:184)\r\n\tat org.openqa.selenium.remote.service.DriverCommandExecutor.invokeExecute(DriverCommandExecutor.java:164)\r\n\tat org.openqa.selenium.remote.service.DriverCommandExecutor.execute(DriverCommandExecutor.java:139)\r\n\tat org.openqa.selenium.remote.RemoteWebDriver.execute(RemoteWebDriver.java:559)\r\n\tat org.openqa.selenium.remote.ElementLocation$ElementFinder$2.findElement(ElementLocation.java:162)\r\n\tat org.openqa.selenium.remote.ElementLocation.findElement(ElementLocation.java:60)\r\n\tat org.openqa.selenium.remote.RemoteWebDriver.findElement(RemoteWebDriver.java:383)\r\n\tat org.openqa.selenium.remote.RemoteWebDriver.findElement(RemoteWebDriver.java:375)\r\n\tat fr.zenity.pageObjects.AccountPage.firstConfirm(AccountPage.java:117)\r\n\tat fr.zenity.pageObjects.AccountPage.createAccount(AccountPage.java:90)\r\n\tat fr.zenity.pageObjects.AccountPage.boucle(AccountPage.java:195)\r\n\tat fr.zenity.stepDefinitions.MultipleStep.lambda$new$1(MultipleStep.java:17)\r\n\tat ✽.user create all accounts(file:///C:/Users/JGuiral/Documents/PROJET/GAMECASH/SELENIUM/./src/test/resources/features/multipleAccount.feature:6)\r\n"},"stage":"finished","steps":[{"name":"Given  user is on the login page","status":"passed","statusDetails":{"known":false,"muted":false,"flaky":false},"stage":"finished","steps":[],"attachments":[],"parameters":[],"start":1642590755418,"stop":1642590755918},{"name":"When  user create all accounts","status":"broken","statusDetails":{"known":false,"muted":false,"flaky":false,"message":"no such element: Unable to locate element: {\"method\":\"xpath\",\"selector\":\"//button[contains(text(),'Je crÃ©e mon compte')]\"}\n  (Session info: headless chrome=97.0.4692.71)\nFor documentation on this error, please visit: https://selenium.dev/exceptions/#no_such_element\nBuild info: version: '4.0.0', revision: '3a21814679'\nSystem info: host: 'DESKTOP-MGDJCGL', ip: '192.168.1.20', os.name: 'Windows 10', os.arch: 'amd64', os.version: '10.0', java.version: '1.8.0_311'\nDriver info: org.openqa.selenium.chrome.ChromeDriver\nCommand: [d22ffadefcb64351ab4e1306c77cca56, findElement {using=xpath, value=//button[contains(text(),'Je crÃ©e mon compte')]}]\nCapabilities {acceptInsecureCerts: true, browserName: chrome, browserVersion: 97.0.4692.71, chrome: {chromedriverVersion: 96.0.4664.45 (76e4c1bb2ab46..., userDataDir: C:\\Users\\JGuiral\\AppData\\Lo...}, goog:chromeOptions: {debuggerAddress: localhost:60886}, javascriptEnabled: true, networkConnectionEnabled: false, pageLoadStrategy: normal, platform: WINDOWS, platformName: WINDOWS, proxy: Proxy(), se:cdp: ws://localhost:60886/devtoo..., se:cdpVersion: 97.0.4692.71, setWindowRect: true, strictFileInteractability: false, timeouts: {implicit: 0, pageLoad: 300000, script: 30000}, unhandledPromptBehavior: dismiss and notify, webauthn:extension:credBlob: true, webauthn:extension:largeBlob: true, webauthn:virtualAuthenticators: true}\nSession ID: d22ffadefcb64351ab4e1306c77cca56","trace":"org.openqa.selenium.NoSuchElementException: no such element: Unable to locate element: {\"method\":\"xpath\",\"selector\":\"//button[contains(text(),'Je crÃ©e mon compte')]\"}\n  (Session info: headless chrome=97.0.4692.71)\nFor documentation on this error, please visit: https://selenium.dev/exceptions/#no_such_element\nBuild info: version: '4.0.0', revision: '3a21814679'\nSystem info: host: 'DESKTOP-MGDJCGL', ip: '192.168.1.20', os.name: 'Windows 10', os.arch: 'amd64', os.version: '10.0', java.version: '1.8.0_311'\nDriver info: org.openqa.selenium.chrome.ChromeDriver\nCommand: [d22ffadefcb64351ab4e1306c77cca56, findElement {using=xpath, value=//button[contains(text(),'Je crÃ©e mon compte')]}]\nCapabilities {acceptInsecureCerts: true, browserName: chrome, browserVersion: 97.0.4692.71, chrome: {chromedriverVersion: 96.0.4664.45 (76e4c1bb2ab46..., userDataDir: C:\\Users\\JGuiral\\AppData\\Lo...}, goog:chromeOptions: {debuggerAddress: localhost:60886}, javascriptEnabled: true, networkConnectionEnabled: false, pageLoadStrategy: normal, platform: WINDOWS, platformName: WINDOWS, proxy: Proxy(), se:cdp: ws://localhost:60886/devtoo..., se:cdpVersion: 97.0.4692.71, setWindowRect: true, strictFileInteractability: false, timeouts: {implicit: 0, pageLoad: 300000, script: 30000}, unhandledPromptBehavior: dismiss and notify, webauthn:extension:credBlob: true, webauthn:extension:largeBlob: true, webauthn:virtualAuthenticators: true}\nSession ID: d22ffadefcb64351ab4e1306c77cca56\r\n\tat sun.reflect.NativeConstructorAccessorImpl.newInstance0(Native Method)\r\n\tat sun.reflect.NativeConstructorAccessorImpl.newInstance(NativeConstructorAccessorImpl.java:62)\r\n\tat sun.reflect.DelegatingConstructorAccessorImpl.newInstance(DelegatingConstructorAccessorImpl.java:45)\r\n\tat java.lang.reflect.Constructor.newInstance(Constructor.java:423)\r\n\tat org.openqa.selenium.remote.codec.w3c.W3CHttpResponseCodec.createException(W3CHttpResponseCodec.java:200)\r\n\tat org.openqa.selenium.remote.codec.w3c.W3CHttpResponseCodec.decode(W3CHttpResponseCodec.java:133)\r\n\tat org.openqa.selenium.remote.codec.w3c.W3CHttpResponseCodec.decode(W3CHttpResponseCodec.java:53)\r\n\tat org.openqa.selenium.remote.HttpCommandExecutor.execute(HttpCommandExecutor.java:184)\r\n\tat org.openqa.selenium.remote.service.DriverCommandExecutor.invokeExecute(DriverCommandExecutor.java:164)\r\n\tat org.openqa.selenium.remote.service.DriverCommandExecutor.execute(DriverCommandExecutor.java:139)\r\n\tat org.openqa.selenium.remote.RemoteWebDriver.execute(RemoteWebDriver.java:559)\r\n\tat org.openqa.selenium.remote.ElementLocation$ElementFinder$2.findElement(ElementLocation.java:162)\r\n\tat org.openqa.selenium.remote.ElementLocation.findElement(ElementLocation.java:60)\r\n\tat org.openqa.selenium.remote.RemoteWebDriver.findElement(RemoteWebDriver.java:383)\r\n\tat org.openqa.selenium.remote.RemoteWebDriver.findElement(RemoteWebDriver.java:375)\r\n\tat fr.zenity.pageObjects.AccountPage.firstConfirm(AccountPage.java:117)\r\n\tat fr.zenity.pageObjects.AccountPage.createAccount(AccountPage.java:90)\r\n\tat fr.zenity.pageObjects.AccountPage.boucle(AccountPage.java:195)\r\n\tat fr.zenity.stepDefinitions.MultipleStep.lambda$new$1(MultipleStep.java:17)\r\n\tat ✽.user create all accounts(file:///C:/Users/JGuiral/Documents/PROJET/GAMECASH/SELENIUM/./src/test/resources/features/multipleAccount.feature:6)\r\n"},"stage":"finished","steps":[],"attachments":[],"parameters":[],"start":1642590755919,"stop":1642590756734},{"name":"Then  he should be on page for account activation","status":"skipped","statusDetails":{"known":false,"muted":false,"flaky":false},"stage":"finished","steps":[],"attachments":[],"parameters":[],"start":1642590756738,"stop":1642590756739}],"attachments":[],"parameters":[{"name":"number","value":"2"}],"start":1642590755418,"stop":1642590756740,"uuid":"84d1db2d-f5ef-40a0-b7e1-9f61ec858245","historyId":"75925e8f2950d9f98ec27f14f5153cec","fullName":"As bot I want to create multiple account: I want to create 2","labels":[{"name":"tag","value":"Multiple"},{"name":"host","value":"DESKTOP-MGDJCGL"},{"name":"thread","value":"16640@DESKTOP-MGDJCGL.main(1)"},{"name":"feature","value":"As bot I want to create multiple account"},{"name":"story","value":"I want to create 2"},{"name":"suite","value":"As bot I want to create multiple account"},{"name":"testClass","value":"I want to create 2"},{"name":"framework","value":"cucumber4jvm"},{"name":"language","value":"java"},{"name":"gherkin_uri","value":"file:///C:/Users/JGuiral/Documents/PROJET/GAMECASH/SELENIUM/./src/test/resources/features/multipleAccount.feature"},{"name":"package","value":"src.test.resources.features.multipleAccount_feature.As bot I want to create multiple account"}],"links":[]}